<?xml version="1.0" encoding="UTF-8"?>
<!-- Generated by org.testng.reporters.JUnitReportReporter -->
<testsuite hostname="LAPTOP-FVC0VK09" failures="0" tests="4" name="Book_API" time="3.920" errors="0" timestamp="3 Jun 2021 11:58:28 GMT">
  <testcase classname="Book_API" name="add_book" time="3.333"/>
  <testcase classname="Book_API" name="delete_book" time="0.162"/>
  <testcase classname="Book_API" name="delete_book" time="0.199"/>
  <testcase classname="Book_API" name="add_book" time="0.226"/>
</testsuite> <!-- Book_API -->
