<?xml version="1.0" encoding="UTF-8"?>
<!-- Generated by org.testng.reporters.JUnitReportReporter -->
<testsuite hostname="LAPTOP-FVC0VK09" failures="0" tests="1" name="Excel_integration.RestAPI_Excel_integration.Book_API_using_Hashmap" time="3.200" errors="0" timestamp="3 Jun 2021 14:10:07 GMT">
  <testcase classname="Excel_integration.RestAPI_Excel_integration.Book_API_using_Hashmap" name="add_book" time="3.200"/>
</testsuite> <!-- Excel_integration.RestAPI_Excel_integration.Book_API_using_Hashmap -->
